 * Check or update Python third-party libraries
 * Update pip...(. /root/.pyenv/versions/3.5.2/bin/activate && )
/bin/sh: /root/.pyenv/versions/3.5.2/bin/activate: No such file or directory
 * To install the following libs
['PyJWT==1.5.3', 'chardet==3.0.4', 'itsdangerous==0.24', 'pycparser==2.18', 'PyNaCl==1.2.0', 'Babel==2.5.1', 'oauthlib==2.0.6', 'pycrypto==2.6.1', 'Flask-Babel==0.11.2', 'certifi==2017.7.27.1', 'Flask==1.0.2', 'requests-oauthlib==0.8.0', 'olefile==0.44', 'regex==2017.9.23', 'asn1crypto==0.23.0', 'psutil==5.4.0', 'Jinja2==2.10', 'blinker==1.4', 'Flask-Mail==0.9.1', 'PyYAML==3.12', 'cryptography==2.3.1', 'paramiko==2.4.2', 'urllib3==1.22', 'WTForms==2.1', 'tld==0.7.9', 'idna==2.6', 'pymongo==3.5.1', 'Flask-WTF==0.14.2', 'requests==2.18.4', 'six==1.11.0', 'redis==2.10.6', 'click==6.7', 'lxml==4.1.1', 'crcmod==1.7', 'MarkupSafe==1.0', 'ipaddress==1.0.18', 'bcrypt==3.1.4', 'pyasn1==0.3.7', 'pycryptodome==3.6.6', 'Flask-Login==0.4.0', 'pytz==2017.3', 'Flask-Script==2.0.6', 'geoip2==2.6.0', 'cffi==1.11.2', 'Flask-Session==0.3.1', 'Markdown==2.6.11', 'maxminddb==1.3.0', 'Werkzeug==0.14.1', 'Flask-OAuthlib==0.9.4', 'Pillow==4.3.0']
pip install -U PyJWT==1.5.3
pip install -U chardet==3.0.4
pip install -U itsdangerous==0.24
pip install -U pycparser==2.18
pip install -U PyNaCl==1.2.0
pip install -U Babel==2.5.1
pip install -U oauthlib==2.0.6
pip install -U pycrypto==2.6.1
pip install -U Flask-Babel==0.11.2
pip install -U certifi==2017.7.27.1
pip install -U Flask==1.0.2
pip install -U requests-oauthlib==0.8.0
pip install -U olefile==0.44
pip install -U regex==2017.9.23
pip install -U asn1crypto==0.23.0
pip install -U psutil==5.4.0
pip install -U Jinja2==2.10
pip install -U blinker==1.4
pip install -U Flask-Mail==0.9.1
pip install -U PyYAML==3.12
pip install -U cryptography==2.3.1
pip install -U paramiko==2.4.2
pip install -U urllib3==1.22
pip install -U WTForms==2.1
pip install -U tld==0.7.9
pip install -U idna==2.6
pip install -U pymongo==3.5.1
pip install -U Flask-WTF==0.14.2
pip install -U requests==2.18.4
pip install -U six==1.11.0
pip install -U redis==2.10.6
pip install -U click==6.7
pip install -U lxml==4.1.1
pip install -U crcmod==1.7
pip install -U MarkupSafe==1.0
pip install -U ipaddress==1.0.18
pip install -U bcrypt==3.1.4
pip install -U pyasn1==0.3.7
pip install -U pycryptodome==3.6.6
pip install -U Flask-Login==0.4.0
pip install -U pytz==2017.3
pip install -U Flask-Script==2.0.6
pip install -U geoip2==2.6.0
pip install -U cffi==1.11.2
pip install -U Flask-Session==0.3.1
pip install -U Markdown==2.6.11
pip install -U maxminddb==1.3.0
pip install -U Werkzeug==0.14.1
pip install -U Flask-OAuthlib==0.9.4
pip install -U Pillow==4.3.0
 * Installation failed library, please manually install
['PyJWT==1.5.3', 'chardet==3.0.4', 'itsdangerous==0.24', 'pycparser==2.18', 'PyNaCl==1.2.0', 'Babel==2.5.1', 'oauthlib==2.0.6', 'pycrypto==2.6.1', 'Flask-Babel==0.11.2', 'certifi==2017.7.27.1', 'Flask==1.0.2', 'requests-oauthlib==0.8.0', 'olefile==0.44', 'regex==2017.9.23', 'asn1crypto==0.23.0', 'psutil==5.4.0', 'Jinja2==2.10', 'blinker==1.4', 'Flask-Mail==0.9.1', 'PyYAML==3.12', 'cryptography==2.3.1', 'paramiko==2.4.2', 'urllib3==1.22', 'WTForms==2.1', 'tld==0.7.9', 'idna==2.6', 'pymongo==3.5.1', 'Flask-WTF==0.14.2', 'requests==2.18.4', 'six==1.11.0', 'redis==2.10.6', 'click==6.7', 'lxml==4.1.1', 'crcmod==1.7', 'MarkupSafe==1.0', 'ipaddress==1.0.18', 'bcrypt==3.1.4', 'pyasn1==0.3.7', 'pycryptodome==3.6.6', 'Flask-Login==0.4.0', 'pytz==2017.3', 'Flask-Script==2.0.6', 'geoip2==2.6.0', 'cffi==1.11.2', 'Flask-Session==0.3.1', 'Markdown==2.6.11', 'maxminddb==1.3.0', 'Werkzeug==0.14.1', 'Flask-OAuthlib==0.9.4', 'Pillow==4.3.0']
 * Check or update the database collection
 * Update and sync config.py

    Welcome to use the osroom open source web system.
    osroom v1.0 Beta
    osroom website: [1;34m http://osroom.com [0m
    Project code download: [1;34m https://github.com/osroom/osroom [0m
    License: BSD2
    The operating system: Linux
    Server started...
    
 * Clean configuration cache successfully
 * Signal:(SIGCHLD, SIG_IGN).Prevent child processes from becoming [Defunct processes].(Do not need to comment out)
 * Serving Flask app "apps.app" (lazy loading)
 * Environment: production
   WARNING: Do not use the development server in a production environment.
   Use a production WSGI server instead.
 * Debug mode: off
